GEOMETRY

CURRENT_LOAD: 8.7789395895e+03
 COORDINATES 205
! NODE  X   Y   Z
    1    0.0000000000e+00    0.0000000000e+00    0.0000000000e+00
    2    2.5000000000e-01    0.0000000000e+00    0.0000000000e+00
    3    5.0000000000e-01    0.0000000000e+00    0.0000000000e+00
    4    7.5000000000e-01    0.0000000000e+00    0.0000000000e+00
    5    1.0000000000e+00    0.0000000000e+00    0.0000000000e+00
    6    5.7644158790e-06    2.5000000000e-01    0.0000000000e+00
    7    2.5000576442e-01    2.5000000000e-01    0.0000000000e+00
    8    5.0000576442e-01    2.5000000000e-01    0.0000000000e+00
    9    7.5000576442e-01    2.5000000000e-01    0.0000000000e+00
    10    1.0000057644e+00    2.5000000000e-01    0.0000000000e+00
    11    2.2836140247e-05    5.0000000000e-01    0.0000000000e+00
    12    2.5002283614e-01    5.0000000000e-01    0.0000000000e+00
    13    5.0002283614e-01    5.0000000000e-01    0.0000000000e+00
    14    7.5002283614e-01    5.0000000000e-01    0.0000000000e+00
    15    1.0000228361e+00    5.0000000000e-01    0.0000000000e+00
    16    5.0559116309e-05    7.5000000000e-01    0.0000000000e+00
    17    2.5005055912e-01    7.5000000000e-01    0.0000000000e+00
    18    5.0005055912e-01    7.5000000000e-01    0.0000000000e+00
    19    7.5005055912e-01    7.5000000000e-01    0.0000000000e+00
    20    1.0000505591e+00    7.5000000000e-01    0.0000000000e+00
    21    8.7867965644e-05    1.0000000000e+00    0.0000000000e+00
    22    2.5008786797e-01    1.0000000000e+00    0.0000000000e+00
    23    5.0008786797e-01    1.0000000000e+00    0.0000000000e+00
    24    7.5008786797e-01    1.0000000000e+00    0.0000000000e+00
    25    1.0000878680e+00    1.0000000000e+00    0.0000000000e+00
    26    1.3332893009e-04    1.2500000000e+00    0.0000000000e+00
    27    2.5013332893e-01    1.2500000000e+00    0.0000000000e+00
    28    5.0013332893e-01    1.2500000000e+00    0.0000000000e+00
    29    7.5013332893e-01    1.2500000000e+00    0.0000000000e+00
    30    1.0001333289e+00    1.2500000000e+00    0.0000000000e+00
    31    1.8519497029e-04    1.5000000000e+00    0.0000000000e+00
    32    2.5018519497e-01    1.5000000000e+00    0.0000000000e+00
    33    5.0018519497e-01    1.5000000000e+00    0.0000000000e+00
    34    7.5018519497e-01    1.5000000000e+00    0.0000000000e+00
    35    1.0001851950e+00    1.5000000000e+00    0.0000000000e+00
    36    2.4147290340e-04    1.7500000000e+00    0.0000000000e+00
    37    2.5024147290e-01    1.7500000000e+00    0.0000000000e+00
    38    5.0024147290e-01    1.7500000000e+00    0.0000000000e+00
    39    7.5024147290e-01    1.7500000000e+00    0.0000000000e+00
    40    1.0002414729e+00    1.7500000000e+00    0.0000000000e+00
    41    3.0000000000e-04    2.0000000000e+00    0.0000000000e+00
    42    2.5030000000e-01    2.0000000000e+00    0.0000000000e+00
    43    5.0030000000e-01    2.0000000000e+00    0.0000000000e+00
    44    7.5030000000e-01    2.0000000000e+00    0.0000000000e+00
    45    1.0003000000e+00    2.0000000000e+00    0.0000000000e+00
    46    3.5852709660e-04    2.2500000000e+00    0.0000000000e+00
    47    2.5035852710e-01    2.2500000000e+00    0.0000000000e+00
    48    5.0035852710e-01    2.2500000000e+00    0.0000000000e+00
    49    7.5035852710e-01    2.2500000000e+00    0.0000000000e+00
    50    1.0003585271e+00    2.2500000000e+00    0.0000000000e+00
    51    4.1480502971e-04    2.5000000000e+00    0.0000000000e+00
    52    2.5041480503e-01    2.5000000000e+00    0.0000000000e+00
    53    5.0041480503e-01    2.5000000000e+00    0.0000000000e+00
    54    7.5041480503e-01    2.5000000000e+00    0.0000000000e+00
    55    1.0004148050e+00    2.5000000000e+00    0.0000000000e+00
    56    4.6667106991e-04    2.7500000000e+00    0.0000000000e+00
    57    2.5046667107e-01    2.7500000000e+00    0.0000000000e+00
    58    5.0046667107e-01    2.7500000000e+00    0.0000000000e+00
    59    7.5046667107e-01    2.7500000000e+00    0.0000000000e+00
    60    1.0004666711e+00    2.7500000000e+00    0.0000000000e+00
    61    5.1213203436e-04    3.0000000000e+00    0.0000000000e+00
    62    2.5051213203e-01    3.0000000000e+00    0.0000000000e+00
    63    5.0051213203e-01    3.0000000000e+00    0.0000000000e+00
    64    7.5051213203e-01    3.0000000000e+00    0.0000000000e+00
    65    1.0005121320e+00    3.0000000000e+00    0.0000000000e+00
    66    5.4944088369e-04    3.2500000000e+00    0.0000000000e+00
    67    2.5054944088e-01    3.2500000000e+00    0.0000000000e+00
    68    5.0054944088e-01    3.2500000000e+00    0.0000000000e+00
    69    7.5054944088e-01    3.2500000000e+00    0.0000000000e+00
    70    1.0005494409e+00    3.2500000000e+00    0.0000000000e+00
    71    5.7716385975e-04    3.5000000000e+00    0.0000000000e+00
    72    2.5057716386e-01    3.5000000000e+00    0.0000000000e+00
    73    5.0057716386e-01    3.5000000000e+00    0.0000000000e+00
    74    7.5057716386e-01    3.5000000000e+00    0.0000000000e+00
    75    1.0005771639e+00    3.5000000000e+00    0.0000000000e+00
    76    5.9423558412e-04    3.7500000000e+00    0.0000000000e+00
    77    2.5059423558e-01    3.7500000000e+00    0.0000000000e+00
    78    5.0059423558e-01    3.7500000000e+00    0.0000000000e+00
    79    7.5059423558e-01    3.7500000000e+00    0.0000000000e+00
    80    1.0005942356e+00    3.7500000000e+00    0.0000000000e+00
    81    6.0000000000e-04    4.0000000000e+00    0.0000000000e+00
    82    2.5060000000e-01    4.0000000000e+00    0.0000000000e+00
    83    5.0060000000e-01    4.0000000000e+00    0.0000000000e+00
    84    7.5060000000e-01    4.0000000000e+00    0.0000000000e+00
    85    1.0006000000e+00    4.0000000000e+00    0.0000000000e+00
    86    5.9423558412e-04    4.2500000000e+00    0.0000000000e+00
    87    2.5059423558e-01    4.2500000000e+00    0.0000000000e+00
    88    5.0059423558e-01    4.2500000000e+00    0.0000000000e+00
    89    7.5059423558e-01    4.2500000000e+00    0.0000000000e+00
    90    1.0005942356e+00    4.2500000000e+00    0.0000000000e+00
    91    5.7716385975e-04    4.5000000000e+00    0.0000000000e+00
    92    2.5057716386e-01    4.5000000000e+00    0.0000000000e+00
    93    5.0057716386e-01    4.5000000000e+00    0.0000000000e+00
    94    7.5057716386e-01    4.5000000000e+00    0.0000000000e+00
    95    1.0005771639e+00    4.5000000000e+00    0.0000000000e+00
    96    5.4944088369e-04    4.7500000000e+00    0.0000000000e+00
    97    2.5054944088e-01    4.7500000000e+00    0.0000000000e+00
    98    5.0054944088e-01    4.7500000000e+00    0.0000000000e+00
    99    7.5054944088e-01    4.7500000000e+00    0.0000000000e+00
    100    1.0005494409e+00    4.7500000000e+00    0.0000000000e+00
    101    5.1213203436e-04    5.0000000000e+00    0.0000000000e+00
    102    2.5051213203e-01    5.0000000000e+00    0.0000000000e+00
    103    5.0051213203e-01    5.0000000000e+00    0.0000000000e+00
    104    7.5051213203e-01    5.0000000000e+00    0.0000000000e+00
    105    1.0005121320e+00    5.0000000000e+00    0.0000000000e+00
    106    4.6667106991e-04    5.2500000000e+00    0.0000000000e+00
    107    2.5046667107e-01    5.2500000000e+00    0.0000000000e+00
    108    5.0046667107e-01    5.2500000000e+00    0.0000000000e+00
    109    7.5046667107e-01    5.2500000000e+00    0.0000000000e+00
    110    1.0004666711e+00    5.2500000000e+00    0.0000000000e+00
    111    4.1480502971e-04    5.5000000000e+00    0.0000000000e+00
    112    2.5041480503e-01    5.5000000000e+00    0.0000000000e+00
    113    5.0041480503e-01    5.5000000000e+00    0.0000000000e+00
    114    7.5041480503e-01    5.5000000000e+00    0.0000000000e+00
    115    1.0004148050e+00    5.5000000000e+00    0.0000000000e+00
    116    3.5852709660e-04    5.7500000000e+00    0.0000000000e+00
    117    2.5035852710e-01    5.7500000000e+00    0.0000000000e+00
    118    5.0035852710e-01    5.7500000000e+00    0.0000000000e+00
    119    7.5035852710e-01    5.7500000000e+00    0.0000000000e+00
    120    1.0003585271e+00    5.7500000000e+00    0.0000000000e+00
    121    3.0000000000e-04    6.0000000000e+00    0.0000000000e+00
    122    2.5030000000e-01    6.0000000000e+00    0.0000000000e+00
    123    5.0030000000e-01    6.0000000000e+00    0.0000000000e+00
    124    7.5030000000e-01    6.0000000000e+00    0.0000000000e+00
    125    1.0003000000e+00    6.0000000000e+00    0.0000000000e+00
    126    2.4147290340e-04    6.2500000000e+00    0.0000000000e+00
    127    2.5024147290e-01    6.2500000000e+00    0.0000000000e+00
    128    5.0024147290e-01    6.2500000000e+00    0.0000000000e+00
    129    7.5024147290e-01    6.2500000000e+00    0.0000000000e+00
    130    1.0002414729e+00    6.2500000000e+00    0.0000000000e+00
    131    1.8519497029e-04    6.5000000000e+00    0.0000000000e+00
    132    2.5018519497e-01    6.5000000000e+00    0.0000000000e+00
    133    5.0018519497e-01    6.5000000000e+00    0.0000000000e+00
    134    7.5018519497e-01    6.5000000000e+00    0.0000000000e+00
    135    1.0001851950e+00    6.5000000000e+00    0.0000000000e+00
    136    1.3332893009e-04    6.7500000000e+00    0.0000000000e+00
    137    2.5013332893e-01    6.7500000000e+00    0.0000000000e+00
    138    5.0013332893e-01    6.7500000000e+00    0.0000000000e+00
    139    7.5013332893e-01    6.7500000000e+00    0.0000000000e+00
    140    1.0001333289e+00    6.7500000000e+00    0.0000000000e+00
    141    8.7867965644e-05    7.0000000000e+00    0.0000000000e+00
    142    2.5008786797e-01    7.0000000000e+00    0.0000000000e+00
    143    5.0008786797e-01    7.0000000000e+00    0.0000000000e+00
    144    7.5008786797e-01    7.0000000000e+00    0.0000000000e+00
    145    1.0000878680e+00    7.0000000000e+00    0.0000000000e+00
    146    5.0559116309e-05    7.2500000000e+00    0.0000000000e+00
    147    2.5005055912e-01    7.2500000000e+00    0.0000000000e+00
    148    5.0005055912e-01    7.2500000000e+00    0.0000000000e+00
    149    7.5005055912e-01    7.2500000000e+00    0.0000000000e+00
    150    1.0000505591e+00    7.2500000000e+00    0.0000000000e+00
    151    2.2836140247e-05    7.5000000000e+00    0.0000000000e+00
    152    2.5002283614e-01    7.5000000000e+00    0.0000000000e+00
    153    5.0002283614e-01    7.5000000000e+00    0.0000000000e+00
    154    7.5002283614e-01    7.5000000000e+00    0.0000000000e+00
    155    1.0000228361e+00    7.5000000000e+00    0.0000000000e+00
    156    5.7644158790e-06    7.7500000000e+00    0.0000000000e+00
    157    2.5000576442e-01    7.7500000000e+00    0.0000000000e+00
    158    5.0000576442e-01    7.7500000000e+00    0.0000000000e+00
    159    7.5000576442e-01    7.7500000000e+00    0.0000000000e+00
    160    1.0000057644e+00    7.7500000000e+00    0.0000000000e+00
    161    0.0000000000e+00    8.0000000000e+00    0.0000000000e+00
    162    2.5000000000e-01    8.0000000000e+00    0.0000000000e+00
    163    5.0000000000e-01    8.0000000000e+00    0.0000000000e+00
    164    7.5000000000e-01    8.0000000000e+00    0.0000000000e+00
    165    1.0000000000e+00    8.0000000000e+00    0.0000000000e+00
    166    5.7644158790e-06    8.2500000000e+00    0.0000000000e+00
    167    2.5000576442e-01    8.2500000000e+00    0.0000000000e+00
    168    5.0000576442e-01    8.2500000000e+00    0.0000000000e+00
    169    7.5000576442e-01    8.2500000000e+00    0.0000000000e+00
    170    1.0000057644e+00    8.2500000000e+00    0.0000000000e+00
    171    2.2836140247e-05    8.5000000000e+00    0.0000000000e+00
    172    2.5002283614e-01    8.5000000000e+00    0.0000000000e+00
    173    5.0002283614e-01    8.5000000000e+00    0.0000000000e+00
    174    7.5002283614e-01    8.5000000000e+00    0.0000000000e+00
    175    1.0000228361e+00    8.5000000000e+00    0.0000000000e+00
    176    5.0559116309e-05    8.7500000000e+00    0.0000000000e+00
    177    2.5005055912e-01    8.7500000000e+00    0.0000000000e+00
    178    5.0005055912e-01    8.7500000000e+00    0.0000000000e+00
    179    7.5005055912e-01    8.7500000000e+00    0.0000000000e+00
    180    1.0000505591e+00    8.7500000000e+00    0.0000000000e+00
    181    8.7867965644e-05    9.0000000000e+00    0.0000000000e+00
    182    2.5008786797e-01    9.0000000000e+00    0.0000000000e+00
    183    5.0008786797e-01    9.0000000000e+00    0.0000000000e+00
    184    7.5008786797e-01    9.0000000000e+00    0.0000000000e+00
    185    1.0000878680e+00    9.0000000000e+00    0.0000000000e+00
    186    1.3332893009e-04    9.2500000000e+00    0.0000000000e+00
    187    2.5013332893e-01    9.2500000000e+00    0.0000000000e+00
    188    5.0013332893e-01    9.2500000000e+00    0.0000000000e+00
    189    7.5013332893e-01    9.2500000000e+00    0.0000000000e+00
    190    1.0001333289e+00    9.2500000000e+00    0.0000000000e+00
    191    1.8519497029e-04    9.5000000000e+00    0.0000000000e+00
    192    2.5018519497e-01    9.5000000000e+00    0.0000000000e+00
    193    5.0018519497e-01    9.5000000000e+00    0.0000000000e+00
    194    7.5018519497e-01    9.5000000000e+00    0.0000000000e+00
    195    1.0001851950e+00    9.5000000000e+00    0.0000000000e+00
    196    2.4147290340e-04    9.7500000000e+00    0.0000000000e+00
    197    2.5024147290e-01    9.7500000000e+00    0.0000000000e+00
    198    5.0024147290e-01    9.7500000000e+00    0.0000000000e+00
    199    7.5024147290e-01    9.7500000000e+00    0.0000000000e+00
    200    1.0002414729e+00    9.7500000000e+00    0.0000000000e+00
    201    3.0000000000e-04    1.0000000000e+01    0.0000000000e+00
    202    2.5030000000e-01    1.0000000000e+01    0.0000000000e+00
    203    5.0030000000e-01    1.0000000000e+01    0.0000000000e+00
    204    7.5030000000e-01    1.0000000000e+01    0.0000000000e+00
    205    1.0003000000e+00    1.0000000000e+01    0.0000000000e+00

 ELEMENTS 40
    ELEMENT_NODES
    1    1    3    13    11    2    8    12    6    7
    2    3    5    15    13    4    10    14    8    9
    3    11    13    23    21    12    18    22    16    17
    4    13    15    25    23    14    20    24    18    19
    5    21    23    33    31    22    28    32    26    27
    6    23    25    35    33    24    30    34    28    29
    7    31    33    43    41    32    38    42    36    37
    8    33    35    45    43    34    40    44    38    39
    9    41    43    53    51    42    48    52    46    47
    10    43    45    55    53    44    50    54    48    49
    11    51    53    63    61    52    58    62    56    57
    12    53    55    65    63    54    60    64    58    59
    13    61    63    73    71    62    68    72    66    67
    14    63    65    75    73    64    70    74    68    69
    15    71    73    83    81    72    78    82    76    77
    16    73    75    85    83    74    80    84    78    79
    17    81    83    93    91    82    88    92    86    87
    18    83    85    95    93    84    90    94    88    89
    19    91    93    103    101    92    98    102    96    97
    20    93    95    105    103    94    100    104    98    99
    21    101    103    113    111    102    108    112    106    107
    22    103    105    115    113    104    110    114    108    109
    23    111    113    123    121    112    118    122    116    117
    24    113    115    125    123    114    120    124    118    119
    25    121    123    133    131    122    128    132    126    127
    26    123    125    135    133    124    130    134    128    129
    27    131    133    143    141    132    138    142    136    137
    28    133    135    145    143    134    140    144    138    139
    29    141    143    153    151    142    148    152    146    147
    30    143    145    155    153    144    150    154    148    149
    31    151    153    163    161    152    158    162    156    157
    32    153    155    165    163    154    160    164    158    159
    33    161    163    173    171    162    168    172    166    167
    34    163    165    175    173    164    170    174    168    169
    35    171    173    183    181    172    178    182    176    177
    36    173    175    185    183    174    180    184    178    179
    37    181    183    193    191    182    188    192    186    187
    38    183    185    195    193    184    190    194    188    189
    39    191    193    203    201    192    198    202    196    197
    40    193    195    205    203    194    200    204    198    199

    ELEMENT_MATERIAL

 *** NODE_VALUE ***
NODE    U    V
    1    4.3397020976e-16    2.6279779055e-15
    2    -4.2508772197e-16    3.4310321721e-16
    3    -2.6207591025e-16    -1.7702925804e-15
    4    -1.7133344392e-16    -4.3953894056e-15
    5    1.7626039615e-15    -7.4320780582e-15
    6    -1.0713288244e-03    -3.4254535677e-03
    7    8.6777354576e-05    -6.6024559921e-03
    8    1.7877242703e-03    -1.0404062239e-02
    9    4.4250990411e-03    -1.4457357616e-02
    10    9.1155547327e-03    -2.0825187136e-02
    11    4.7134758037e-03    -5.8678253678e-03
    12    6.0239921111e-03    -1.4024568693e-02
    13    8.5732984304e-03    -2.1608684771e-02
    14    1.2265024022e-02    -3.0191784493e-02
    15    1.6607829691e-02    -3.9585580507e-02
    16    1.5654965357e-02    -9.4775747469e-03
    17    1.7104161246e-02    -2.1898315454e-02
    18    1.9696262717e-02    -3.3471931984e-02
    19    2.3147562988e-02    -4.5386352754e-02
    20    2.7519240267e-02    -5.8416605071e-02
    21    3.0659037952e-02    -1.4335906780e-02
    22    3.2127503795e-02    -3.0437278468e-02
    23    3.4556763574e-02    -4.5290678727e-02
    24    3.7764416590e-02    -6.0339242294e-02
    25    4.1709962385e-02    -7.6730429130e-02
    26    4.8841125779e-02    -2.0752397986e-02
    27    5.0388722791e-02    -3.9704987328e-02
    28    5.2724207767e-02    -5.7245302023e-02
    29    5.5649835675e-02    -7.4883912634e-02
    30    5.9147473655e-02    -9.4073726930e-02
    31    6.9481001336e-02    -2.8686331574e-02
    32    7.1155337598e-02    -4.9832629145e-02
    33    7.3434568622e-02    -6.9344583164e-02
    34    7.6127792516e-02    -8.8927129357e-02
    35    7.9153777509e-02    -1.1025781801e-01
    36    9.1733407494e-02    -3.8380450003e-02
    37    9.3633564859e-02    -6.0837989715e-02
    38    9.5925369607e-02    -8.1582365862e-02
    39    9.8426439243e-02    -1.0236317561e-01
    40    1.0101466392e-01    -1.2492402484e-01
    41    1.1475961620e-01    -4.9716989358e-02
    42    1.1695385336e-01    -7.2721086125e-02
    43    1.1931714379e-01    -9.3896763534e-02
    44    1.2168369853e-01    -1.1507219564e-01
    45    1.2388701492e-01    -1.3807699452e-01
    46    1.3764803066e-01    -6.2823400854e-02
    47    1.4022453750e-01    -8.5409203940e-02
    48    1.4272157211e-01    -1.0621304498e-01
    49    1.4501483591e-01    -1.2697871632e-01
    50    1.4692238662e-01    -1.4945929294e-01
    51    1.5955000306e-01    -7.7444419324e-02
    52    1.6256346291e-01    -9.8827717838e-02
    53    1.6524778770e-01    -1.1845432448e-01
    54    1.6752639479e-01    -1.3800877404e-01
    55    1.6920352239e-01    -1.5919594234e-01
    56    1.7963486354e-01    -9.3587493629e-02
    57    1.8311446476e-01    -1.1285679974e-01
    58    1.8602024208e-01    -1.3055437335e-01
    59    1.8833769865e-01    -1.4815885290e-01
    60    1.8988684400e-01    -1.6717046679e-01
    61    1.9717019020e-01    -1.1092039961e-01
    62    2.0111896722e-01    -1.2739216671e-01
    63    2.0426249648e-01    -1.4247024573e-01
    64    2.0664916992e-01    -1.5744527911e-01
    65    2.0810741313e-01    -1.7363692978e-01
    66    2.1152069755e-01    -1.2935050675e-01
    67    2.1587845841e-01    -1.4231028625e-01
    68    2.1924181629e-01    -1.5418461096e-01
    69    2.2171734665e-01    -1.6596497952e-01
    70    2.2316445460e-01    -1.7866479961e-01
    71    2.2216376236e-01    -1.4853128336e-01
    72    2.2686545469e-01    -1.5751004358e-01
    73    2.3041373515e-01    -1.6571342194e-01
    74    2.3296595439e-01    -1.7384324299e-01
    75    2.3439266144e-01    -1.8262211396e-01
    76    2.2873352248e-01    -1.6828434708e-01
    77    2.3363756887e-01    -1.7288708730e-01
    78    2.3730257392e-01    -1.7709860397e-01
    79    2.3991447082e-01    -1.8127068479e-01
    80    2.4136819048e-01    -1.8576434977e-01
    81    2.3098053301e-01    -1.8829489328e-01
    82    2.3597381671e-01    -1.8835295939e-01
    83    2.3968437970e-01    -1.8840599066e-01
    84    2.4231310337e-01    -1.8845851202e-01
    85    2.4375057511e-01    -1.8851519544e-01
    86    2.2884448127e-01    -2.0830907429e-01
    87    2.3375221355e-01    -2.0381990463e-01
    88    2.3741929008e-01    -1.9971237348e-01
    89    2.4003218616e-01    -1.9564335436e-01
    90    2.4148609442e-01    -1.9126070889e-01
    91    2.2238174609e-01    -2.2807216642e-01
    92    2.2709047370e-01    -2.1920027842e-01
    93    2.3064264356e-01    -2.1109471103e-01
    94    2.3319664510e-01    -2.0306198606e-01
    95    2.3462349033e-01    -1.9438804664e-01
    96    2.1183804623e-01    -2.4726998312e-01
    97    2.1620540273e-01    -2.3440573873e-01
    98    2.1957397096e-01    -2.2261926156e-01
    99    2.2205169686e-01    -2.1092636945e-01
    100    2.2349854796e-01    -1.9832105330e-01
    101    1.9757553250e-01    -2.6572312759e-01
    102    2.0153565182e-01    -2.4933220769e-01
    103    2.0468510276e-01    -2.3432860645e-01
    104    2.0707386531e-01    -2.1942807318e-01
    105    2.0853089271e-01    -2.0331731233e-01
    106    1.8011369187e-01    -2.8308523788e-01
    107    1.8360521863e-01    -2.6387872354e-01
    108    1.8651691451e-01    -2.4623945823e-01
    109    1.8883586298e-01    -2.2869370482e-01
    110    1.9038241240e-01    -2.0974602437e-01
    111    1.6008478125e-01    -2.9926251471e-01
    112    1.6310989737e-01    -2.7792191519e-01
    113    1.6579957424e-01    -2.5833525912e-01
    114    1.6807857470e-01    -2.3882150599e-01
    115    1.6975123334e-01    -2.1767912443e-01
    116    1.3821891610e-01    -3.1392218781e-01
    117    1.4080589182e-01    -2.9135739659e-01
    118    1.4330722755e-01    -2.7057379003e-01
    119    1.4559965121e-01    -2.4982914210e-01
    120    1.4750069013e-01    -2.2737221724e-01
    121    1.1534518280e-01    -3.2706992678e-01
    122    1.1754799895e-01    -3.0406510366e-01
    123    1.1991461538e-01    -2.8288946060e-01
    124    1.2227880168e-01    -2.6171428534e-01
    125    1.2447361403e-01    -2.3871073329e-01
    126    9.2311038089e-02    -3.3844834659e-01
    127    9.4218099686e-02    -3.1596991040e-01
    128    9.6511492398e-02    -2.9520604425e-01
    129    9.9009051456e-02    -2.7440407037e-01
    130    1.0158647418e-01    -2.5182012173e-01
    131    7.0032709526e-02    -3.4818142319e-01
    132    7.1709535938e-02    -3.2699813384e-01
    133    7.3988202962e-02    -3.0744716552e-01
    134    7.6673023688e-02    -2.8782396168e-01
    135    7.9687427011e-02    -2.6644426747e-01
    136    4.9353868888e-02    -3.5615262272e-01
    137    5.0902825953e-02    -3.3714639537e-01
    138    5.3220420564e-02    -3.1954685351e-01
    139    5.6126685674e-02    -3.0185416142e-01
    140    5.9607264622e-02    -2.8259009993e-01
    141    3.1139324444e-02    -3.6261606116e-01
    142    3.2597492539e-02    -3.4643113460e-01
    143    3.4984342617e-02    -3.3146229461e-01
    144    3.8128357819e-02    -3.1639039845e-01
    145    4.2078055349e-02    -2.9992534521e-01
    146    1.6089687049e-02    -3.6764140887e-01
    147    1.7536793158e-02    -3.5494938610e-01
    148    2.0012510867e-02    -3.4317623648e-01
    149    2.3376293929e-02    -3.3130916010e-01
    150    2.7734830778e-02    -3.1835726483e-01
    151    4.8699801180e-03    -3.7159680063e-01
    152    6.2967151086e-03    -3.6282654279e-01
    153    8.8490896051e-03    -3.5470469202e-01
    154    1.2397685323e-02    -3.4650934328e-01
    155    1.7099943573e-02    -3.3753935853e-01
    156    -2.0963018344e-03    -3.7473788846e-01
    157    -6.4254745924e-04    -3.7025329530e-01
    158    1.9694376639e-03    -3.6608963719e-01
    159    5.6346122060e-03    -3.6188661926e-01
    160    1.0538945583e-02    -3.5729316191e-01
    161    -4.4690573640e-03    -3.7748836266e-01
    162    -3.0315853939e-03    -3.7744091026e-01
    163    -4.0283714093e-04    -3.7739693924e-01
    164    3.3077104363e-03    -3.7735253940e-01
    165    8.3010015088e-03    -3.7730393204e-01
    166    -2.1950264963e-03    -3.8023438246e-01
    167    -7.4110146609e-04    -3.8462602652e-01
    168    1.8717132023e-03    -3.8870340291e-01
    169    5.5386367159e-03    -3.9281935950e-01
    170    1.0446042949e-02    -3.9731772545e-01
    171    4.6768246141e-03    -3.8336295411e-01
    172    6.1035307676e-03    -3.9204540575e-01
    173    8.6575297670e-03    -4.0008597973e-01
    174    1.2209259842e-02    -4.0819942125e-01
    175    1.6917556424e-02    -4.1707995926e-01
    176    1.5809933336e-02    -3.8729805615e-01
    177    1.7256908284e-02    -3.9991092374e-01
    178    1.9734301465e-02    -4.1161087123e-01
    179    2.3102570784e-02    -4.2340441599e-01
    180    2.7469050078e-02    -4.3627614289e-01
    181    3.0785678073e-02    -3.9229685269e-01
    182    3.2241660214e-02    -4.0841401238e-01
    183    3.4631131866e-02    -4.2332056753e-01
    184    3.7778946205e-02    -4.3833024441e-01
    185    4.1739373181e-02    -4.5472748519e-01
    186    4.8940425062e-02    -3.9872869706e-01
    187    5.0486724731e-02    -4.1768177869e-01
    188    5.2802866464e-02    -4.3523140543e-01
    189    5.5715905979e-02    -4.5287536562e-01
    190    5.9206676589e-02    -4.7208738166e-01
    191    6.9590330248e-02    -4.0667169227e-01
    192    7.1245937610e-02    -4.2780533724e-01
    193    7.3518444109e-02    -4.4732512137e-01
    194    7.6210650999e-02    -4.6692317089e-01
    195    7.9255689956e-02    -4.8825944849e-01
    196    9.1860302763e-02    -4.1617280994e-01
    197    9.3756345141e-02    -4.3895810312e-01
    198    9.6119095186e-02    -4.5957246201e-01
    199    9.8572342864e-02    -4.8022140222e-01
    200    1.0110224065e-01    -5.0311597620e-01
    201    1.1595317831e-01    -4.2730863638e-01
    202    1.1724803039e-01    -4.5086589185e-01
    203    1.1886932967e-01    -4.7182344358e-01
    204    1.2200444464e-01    -4.9294137060e-01
    205    1.2498143715e-01    -5.1667485916e-01

*END
